{"numFailedTestSuites":1,"numFailedTests":0,"numPassedTestSuites":0,"numPassedTests":0,"numPendingTestSuites":0,"numPendingTests":0,"numRuntimeErrorTestSuites":1,"numTodoTests":0,"numTotalTestSuites":1,"numTotalTests":0,"openHandles":[],"snapshot":{"added":0,"didUpdate":false,"failure":false,"filesAdded":0,"filesRemoved":0,"filesRemovedList":[],"filesUnmatched":0,"filesUpdated":0,"matched":0,"total":0,"unchecked":0,"uncheckedKeysByFile":[],"unmatched":0,"updated":0},"startTime":1770244683524,"success":false,"testResults":[{"assertionResults":[],"coverage":{},"endTime":1770244685672,"message":"  \u001b[1m● \u001b[22mTest suite failed to run\n\n    Cannot find module '@testing-library/dom' from 'node_modules/@testing-library/react/dist/pure.js'\n\n    Require stack:\n      node_modules/@testing-library/react/dist/pure.js\n      node_modules/@testing-library/react/dist/index.js\n      src/components/features/ReviewForm.test.tsx\n\n    \u001b[0m \u001b[90m 28 |\u001b[39m     beforeEach(() \u001b[33m=>\u001b[39m {\n     \u001b[90m 29 |\u001b[39m         jest\u001b[33m.\u001b[39mclearAllMocks()\u001b[33m;\u001b[39m\n    \u001b[31m\u001b[1m>\u001b[22m\u001b[39m\u001b[90m 30 |\u001b[39m     })\u001b[33m;\u001b[39m\n     \u001b[90m    |\u001b[39m                 \u001b[31m\u001b[1m^\u001b[22m\u001b[39m\n     \u001b[90m 31 |\u001b[39m\n     \u001b[90m 32 |\u001b[39m     it(\u001b[32m'should show locked state if user has not completed a stay'\u001b[39m\u001b[33m,\u001b[39m \u001b[36masync\u001b[39m () \u001b[33m=>\u001b[39m {\n     \u001b[90m 33 |\u001b[39m         (hasCompletedStayAt \u001b[36mas\u001b[39m jest\u001b[33m.\u001b[39m\u001b[33mMock\u001b[39m)\u001b[33m.\u001b[39mmockReturnValue(\u001b[36mfalse\u001b[39m)\u001b[33m;\u001b[39m\u001b[0m\n\n      \u001b[2mat Resolver._throwModNotFoundError (\u001b[22mnode_modules/jest-resolve/build/index.js\u001b[2m:863:11)\u001b[22m\n      \u001b[2mat Object.<anonymous> (\u001b[22mnode_modules/@testing-library/react/dist/pure.js\u001b[2m:46:12)\u001b[22m\n      \u001b[2mat Object.<anonymous> (\u001b[22mnode_modules/@testing-library/react/dist/index.js\u001b[2m:7:13)\u001b[22m\n      \u001b[2mat Object.<anonymous> (\u001b[22m\u001b[0m\u001b[36msrc/components/features/ReviewForm.test.tsx\u001b[39m\u001b[0m\u001b[2m:30:17)\u001b[22m\n","name":"C:\\Users\\User\\.gemini\\antigravity\\scratch\\reva-chalets\\src\\components\\features\\ReviewForm.test.tsx","startTime":1770244685672,"status":"failed","summary":""}],"wasInterrupted":false}
